#
# There is insufficient memory for the Java Runtime Environment to continue.
# Native memory allocation (malloc) failed to allocate 240976 bytes for Chunk::new
# Possible reasons:
#   The system is out of physical RAM or swap space
#   The process is running with CompressedOops enabled, and the Java Heap may be blocking the growth of the native heap
# Possible solutions:
#   Reduce memory load on the system
#   Increase physical memory or swap space
#   Check if swap backing store is full
#   Decrease Java heap size (-Xmx/-Xms)
#   Decrease number of Java threads
#   Decrease Java thread stack sizes (-Xss)
#   Set larger code cache with -XX:ReservedCodeCacheSize=
#   JVM is running with Zero Based Compressed Oops mode in which the Java heap is
#     placed in the first 32GB address space. The Java Heap base address is the
#     maximum limit for the native heap growth. Please use -XX:HeapBaseMinAddress
#     to set the Java Heap base and to place the Java Heap above 32GB virtual address.
# This output file may be truncated or incomplete.
#
#  Out of Memory Error (./open/src/hotspot/share/memory/arena.cpp:195), pid=6408, tid=2728
#
# JRE version: OpenJDK Runtime Environment (15.0.1+9) (build 15.0.1+9-18)
# Java VM: OpenJDK 64-Bit Server VM (15.0.1+9-18, mixed mode, tiered, compressed oops, g1 gc, windows-amd64)
# No core dump will be written. Minidumps are not enabled by default on client versions of Windows
#

---------------  S U M M A R Y ------------

Command Line: -Dfile.encoding=UTF-8 -XX:+ShowCodeDetailsInExceptionMessages net.minemora.mandelbrotjava.MandelbrotJava

Host: AMD Ryzen 5 5600X 6-Core Processor             , 12 cores, 15G,  Windows 10 , 64 bit Build 22000 (10.0.22000.120)
Time: Mon Oct 25 05:08:08 2021 Hora estándar de Argentina elapsed time: 0.576230 seconds (0d 0h 0m 0s)

---------------  T H R E A D  ---------------

Current thread (0x0000019b21d8d950):  JavaThread "C2 CompilerThread0" daemon [_thread_in_native, id=2728, stack(0x00000094e7200000,0x00000094e7300000)]


Current CompileTask:
C2:    576  674       4       sun.java2d.pipe.BufferedContext::validate (575 bytes)

Stack: [0x00000094e7200000,0x00000094e7300000]
Native frames: (J=compiled Java code, j=interpreted, Vv=VM code, C=native code)
V  [jvm.dll+0x62ae9a]
V  [jvm.dll+0x781389]
V  [jvm.dll+0x782ae3]
V  [jvm.dll+0x783143]
V  [jvm.dll+0x216265]
V  [jvm.dll+0x97efa]
V  [jvm.dll+0x985dc]
V  [jvm.dll+0x27a1bf]
V  [jvm.dll+0x5408d4]
V  [jvm.dll+0x1f2c14]
V  [jvm.dll+0x1ec288]
V  [jvm.dll+0x1e97a7]
V  [jvm.dll+0x1784c7]
V  [jvm.dll+0x1f9165]
V  [jvm.dll+0x1f720c]
V  [jvm.dll+0x74485d]
V  [jvm.dll+0x73d65a]
V  [jvm.dll+0x629c56]
C  [ucrtbase.dll+0x26c0c]
C  [KERNEL32.DLL+0x154e0]
C  [ntdll.dll+0x485b]


---------------  P R O C E S S  ---------------

Threads class SMR info:
_java_thread_list=0x0000019b292f0b10, length=18, elements={
0x0000019b21d5c020, 0x0000019b21d5c9d0, 0x0000019b21d756a0, 0x0000019b21d76050,
0x0000019b21d76a00, 0x0000019b21d8d950, 0x0000019b21d7bfe0, 0x0000019b21d7d1b0,
0x0000019b21f04010, 0x0000019b21f15630, 0x0000019b22335850, 0x0000019b22335d20,
0x0000019b22336410, 0x0000019b22a0c190, 0x0000019b021430d0, 0x0000019b29305560,
0x0000019b29376af0, 0x0000019b29377000
}

Java Threads: ( => current thread )
  0x0000019b21d5c020 JavaThread "Reference Handler" daemon [_thread_blocked, id=27000, stack(0x00000094e6d00000,0x00000094e6e00000)]
  0x0000019b21d5c9d0 JavaThread "Finalizer" daemon [_thread_blocked, id=29472, stack(0x00000094e6e00000,0x00000094e6f00000)]
  0x0000019b21d756a0 JavaThread "Signal Dispatcher" daemon [_thread_blocked, id=31792, stack(0x00000094e6f00000,0x00000094e7000000)]
  0x0000019b21d76050 JavaThread "Attach Listener" daemon [_thread_blocked, id=8496, stack(0x00000094e7000000,0x00000094e7100000)]
  0x0000019b21d76a00 JavaThread "Service Thread" daemon [_thread_blocked, id=35524, stack(0x00000094e7100000,0x00000094e7200000)]
=>0x0000019b21d8d950 JavaThread "C2 CompilerThread0" daemon [_thread_in_native, id=2728, stack(0x00000094e7200000,0x00000094e7300000)]
  0x0000019b21d7bfe0 JavaThread "C1 CompilerThread0" daemon [_thread_blocked, id=20400, stack(0x00000094e7300000,0x00000094e7400000)]
  0x0000019b21d7d1b0 JavaThread "Sweeper thread" daemon [_thread_blocked, id=32360, stack(0x00000094e7400000,0x00000094e7500000)]
  0x0000019b21f04010 JavaThread "Notification Thread" daemon [_thread_blocked, id=10096, stack(0x00000094e7500000,0x00000094e7600000)]
  0x0000019b21f15630 JavaThread "Common-Cleaner" daemon [_thread_blocked, id=35400, stack(0x00000094e7700000,0x00000094e7800000)]
  0x0000019b22335850 JavaThread "Java2D Disposer" daemon [_thread_blocked, id=20568, stack(0x00000094e7800000,0x00000094e7900000)]
  0x0000019b22335d20 JavaThread "AWT-Shutdown" [_thread_blocked, id=34120, stack(0x00000094e7900000,0x00000094e7a00000)]
  0x0000019b22336410 JavaThread "AWT-Windows" daemon [_thread_in_native, id=13008, stack(0x00000094e7a00000,0x00000094e7b00000)]
  0x0000019b22a0c190 JavaThread "AWT-EventQueue-0" [_thread_in_native, id=3572, stack(0x00000094e7d00000,0x00000094e7e00000)]
  0x0000019b021430d0 JavaThread "DestroyJavaVM" [_thread_blocked, id=33492, stack(0x00000094e6600000,0x00000094e6700000)]
  0x0000019b29305560 JavaThread "D3D Screen Updater" daemon [_thread_blocked, id=34496, stack(0x00000094e8200000,0x00000094e8300000)]
  0x0000019b29376af0 JavaThread "C2 CompilerThread1" daemon [_thread_blocked, id=31628, stack(0x00000094e8300000,0x00000094e8400000)]
  0x0000019b29377000 JavaThread "C2 CompilerThread2" daemon [_thread_in_native, id=35272, stack(0x00000094e8400000,0x00000094e8500000)]

Other Threads:
  0x0000019b21d258b0 VMThread "VM Thread" [stack: 0x00000094e6c00000,0x00000094e6d00000] [id=35312]
  0x0000019b21f04d00 WatcherThread [stack: 0x00000094e7600000,0x00000094e7700000] [id=29460]
  0x0000019b02195500 GCTaskThread "GC Thread#0" [stack: 0x00000094e6700000,0x00000094e6800000] [id=30852]
  0x0000019b21eee350 GCTaskThread "GC Thread#1" [stack: 0x00000094e8500000,0x00000094e8600000] [id=24760]
  0x0000019b21ef0660 GCTaskThread "GC Thread#2" [stack: 0x00000094e8600000,0x00000094e8700000] [id=34560]
  0x0000019b21ef0000 GCTaskThread "GC Thread#3" [stack: 0x00000094e8700000,0x00000094e8800000] [id=35112]
  0x0000019b21eee680 GCTaskThread "GC Thread#4" [stack: 0x00000094e8800000,0x00000094e8900000] [id=10000]
  0x0000019b021a6d40 ConcurrentGCThread "G1 Main Marker" [stack: 0x00000094e6800000,0x00000094e6900000] [id=24688]
  0x0000019b021a78b0 ConcurrentGCThread "G1 Conc#0" [stack: 0x00000094e6900000,0x00000094e6a00000] [id=32260]
  0x0000019b0221d210 ConcurrentGCThread "G1 Refine#0" [stack: 0x00000094e6a00000,0x00000094e6b00000] [id=9936]
  0x0000019b0221da50 ConcurrentGCThread "G1 Young RemSet Sampling" [stack: 0x00000094e6b00000,0x00000094e6c00000] [id=4696]

Threads with active compile tasks:
C2 CompilerThread0      593  674       4       sun.java2d.pipe.BufferedContext::validate (575 bytes)
C2 CompilerThread2      593  682 %     4       net.minemora.mandelbrotjava.MandelCanvas::paint @ 10 (69 bytes)

VM state: not at safepoint (normal execution)

VM Mutex/Monitor currently owned by a thread: None

Heap address: 0x0000000701200000, size: 4078 MB, Compressed Oops mode: Zero based, Oop shift amount: 3
CDS disabled.
Compressed class space mapped at: 0x0000000800000000-0x0000000840000000, size: 1073741824
Narrow klass base: 0x0000000800000000, Narrow klass shift: 0, Narrow klass range: 0x40000000

GC Precious Log:
 CPUs: 12 total, 12 available
 Memory: 16308M
 Large Page Support: Disabled
 NUMA Support: Disabled
 Compressed Oops: Enabled (Zero based)
 Heap Region Size: 2M
 Heap Min Capacity: 8M
 Heap Initial Capacity: 256M
 Heap Max Capacity: 4078M
 Pre-touch: Disabled
 Parallel Workers: 10
 Concurrent Workers: 3
 Concurrent Refinement Workers: 10
 Periodic GC: Disabled

Heap:
 garbage-first heap   total 262144K, used 3020K [0x0000000701200000, 0x0000000800000000)
  region size 2048K, 3 young (6144K), 2 survivors (4096K)
 Metaspace       used 12073K, capacity 12249K, committed 12288K, reserved 1060864K
  class space    used 1163K, capacity 1245K, committed 1280K, reserved 1048576K

Heap Regions: E=young(eden), S=young(survivor), O=old, HS=humongous(starts), HC=humongous(continues), CS=collection set, F=free, OA=open archive, CA=closed archive, TAMS=top-at-mark-start (previous, next)
|   0|0x0000000701200000, 0x0000000701200000, 0x0000000701400000|  0%| F|  |TAMS 0x0000000701200000, 0x0000000701200000| Untracked 
|   1|0x0000000701400000, 0x0000000701400000, 0x0000000701600000|  0%| F|  |TAMS 0x0000000701400000, 0x0000000701400000| Untracked 
|   2|0x0000000701600000, 0x0000000701600000, 0x0000000701800000|  0%| F|  |TAMS 0x0000000701600000, 0x0000000701600000| Untracked 
|   3|0x0000000701800000, 0x0000000701800000, 0x0000000701a00000|  0%| F|  |TAMS 0x0000000701800000, 0x0000000701800000| Untracked 
|   4|0x0000000701a00000, 0x0000000701a00000, 0x0000000701c00000|  0%| F|  |TAMS 0x0000000701a00000, 0x0000000701a00000| Untracked 
|   5|0x0000000701c00000, 0x0000000701c00000, 0x0000000701e00000|  0%| F|  |TAMS 0x0000000701c00000, 0x0000000701c00000| Untracked 
|   6|0x0000000701e00000, 0x0000000701e00000, 0x0000000702000000|  0%| F|  |TAMS 0x0000000701e00000, 0x0000000701e00000| Untracked 
|   7|0x0000000702000000, 0x0000000702000000, 0x0000000702200000|  0%| F|  |TAMS 0x0000000702000000, 0x0000000702000000| Untracked 
|   8|0x0000000702200000, 0x0000000702200000, 0x0000000702400000|  0%| F|  |TAMS 0x0000000702200000, 0x0000000702200000| Untracked 
|   9|0x0000000702400000, 0x0000000702400000, 0x0000000702600000|  0%| F|  |TAMS 0x0000000702400000, 0x0000000702400000| Untracked 
|  10|0x0000000702600000, 0x0000000702600000, 0x0000000702800000|  0%| F|  |TAMS 0x0000000702600000, 0x0000000702600000| Untracked 
|  11|0x0000000702800000, 0x0000000702800000, 0x0000000702a00000|  0%| F|  |TAMS 0x0000000702800000, 0x0000000702800000| Untracked 
|  12|0x0000000702a00000, 0x0000000702a00000, 0x0000000702c00000|  0%| F|  |TAMS 0x0000000702a00000, 0x0000000702a00000| Untracked 
|  13|0x0000000702c00000, 0x0000000702c00000, 0x0000000702e00000|  0%| F|  |TAMS 0x0000000702c00000, 0x0000000702c00000| Untracked 
|  14|0x0000000702e00000, 0x0000000702e00000, 0x0000000703000000|  0%| F|  |TAMS 0x0000000702e00000, 0x0000000702e00000| Untracked 
|  15|0x0000000703000000, 0x0000000703000000, 0x0000000703200000|  0%| F|  |TAMS 0x0000000703000000, 0x0000000703000000| Untracked 
|  16|0x0000000703200000, 0x0000000703200000, 0x0000000703400000|  0%| F|  |TAMS 0x0000000703200000, 0x0000000703200000| Untracked 
|  17|0x0000000703400000, 0x0000000703400000, 0x0000000703600000|  0%| F|  |TAMS 0x0000000703400000, 0x0000000703400000| Untracked 
|  18|0x0000000703600000, 0x0000000703600000, 0x0000000703800000|  0%| F|  |TAMS 0x0000000703600000, 0x0000000703600000| Untracked 
|  19|0x0000000703800000, 0x0000000703800000, 0x0000000703a00000|  0%| F|  |TAMS 0x0000000703800000, 0x0000000703800000| Untracked 
|  20|0x0000000703a00000, 0x0000000703a00000, 0x0000000703c00000|  0%| F|  |TAMS 0x0000000703a00000, 0x0000000703a00000| Untracked 
|  21|0x0000000703c00000, 0x0000000703c00000, 0x0000000703e00000|  0%| F|  |TAMS 0x0000000703c00000, 0x0000000703c00000| Untracked 
|  22|0x0000000703e00000, 0x0000000703e00000, 0x0000000704000000|  0%| F|  |TAMS 0x0000000703e00000, 0x0000000703e00000| Untracked 
|  23|0x0000000704000000, 0x0000000704000000, 0x0000000704200000|  0%| F|  |TAMS 0x0000000704000000, 0x0000000704000000| Untracked 
|  24|0x0000000704200000, 0x0000000704200000, 0x0000000704400000|  0%| F|  |TAMS 0x0000000704200000, 0x0000000704200000| Untracked 
|  25|0x0000000704400000, 0x0000000704400000, 0x0000000704600000|  0%| F|  |TAMS 0x0000000704400000, 0x0000000704400000| Untracked 
|  26|0x0000000704600000, 0x0000000704600000, 0x0000000704800000|  0%| F|  |TAMS 0x0000000704600000, 0x0000000704600000| Untracked 
|  27|0x0000000704800000, 0x0000000704800000, 0x0000000704a00000|  0%| F|  |TAMS 0x0000000704800000, 0x0000000704800000| Untracked 
|  28|0x0000000704a00000, 0x0000000704a00000, 0x0000000704c00000|  0%| F|  |TAMS 0x0000000704a00000, 0x0000000704a00000| Untracked 
|  29|0x0000000704c00000, 0x0000000704c00000, 0x0000000704e00000|  0%| F|  |TAMS 0x0000000704c00000, 0x0000000704c00000| Untracked 
|  30|0x0000000704e00000, 0x0000000704e00000, 0x0000000705000000|  0%| F|  |TAMS 0x0000000704e00000, 0x0000000704e00000| Untracked 
|  31|0x0000000705000000, 0x0000000705000000, 0x0000000705200000|  0%| F|  |TAMS 0x0000000705000000, 0x0000000705000000| Untracked 
|  32|0x0000000705200000, 0x0000000705200000, 0x0000000705400000|  0%| F|  |TAMS 0x0000000705200000, 0x0000000705200000| Untracked 
|  33|0x0000000705400000, 0x0000000705400000, 0x0000000705600000|  0%| F|  |TAMS 0x0000000705400000, 0x0000000705400000| Untracked 
|  34|0x0000000705600000, 0x0000000705600000, 0x0000000705800000|  0%| F|  |TAMS 0x0000000705600000, 0x0000000705600000| Untracked 
|  35|0x0000000705800000, 0x0000000705800000, 0x0000000705a00000|  0%| F|  |TAMS 0x0000000705800000, 0x0000000705800000| Untracked 
|  36|0x0000000705a00000, 0x0000000705a00000, 0x0000000705c00000|  0%| F|  |TAMS 0x0000000705a00000, 0x0000000705a00000| Untracked 
|  37|0x0000000705c00000, 0x0000000705c00000, 0x0000000705e00000|  0%| F|  |TAMS 0x0000000705c00000, 0x0000000705c00000| Untracked 
|  38|0x0000000705e00000, 0x0000000705e00000, 0x0000000706000000|  0%| F|  |TAMS 0x0000000705e00000, 0x0000000705e00000| Untracked 
|  39|0x0000000706000000, 0x0000000706000000, 0x0000000706200000|  0%| F|  |TAMS 0x0000000706000000, 0x0000000706000000| Untracked 
|  40|0x0000000706200000, 0x0000000706200000, 0x0000000706400000|  0%| F|  |TAMS 0x0000000706200000, 0x0000000706200000| Untracked 
|  41|0x0000000706400000, 0x0000000706400000, 0x0000000706600000|  0%| F|  |TAMS 0x0000000706400000, 0x0000000706400000| Untracked 
|  42|0x0000000706600000, 0x0000000706600000, 0x0000000706800000|  0%| F|  |TAMS 0x0000000706600000, 0x0000000706600000| Untracked 
|  43|0x0000000706800000, 0x0000000706800000, 0x0000000706a00000|  0%| F|  |TAMS 0x0000000706800000, 0x0000000706800000| Untracked 
|  44|0x0000000706a00000, 0x0000000706a00000, 0x0000000706c00000|  0%| F|  |TAMS 0x0000000706a00000, 0x0000000706a00000| Untracked 
|  45|0x0000000706c00000, 0x0000000706c00000, 0x0000000706e00000|  0%| F|  |TAMS 0x0000000706c00000, 0x0000000706c00000| Untracked 
|  46|0x0000000706e00000, 0x0000000706e00000, 0x0000000707000000|  0%| F|  |TAMS 0x0000000706e00000, 0x0000000706e00000| Untracked 
|  47|0x0000000707000000, 0x0000000707000000, 0x0000000707200000|  0%| F|  |TAMS 0x0000000707000000, 0x0000000707000000| Untracked 
|  48|0x0000000707200000, 0x0000000707200000, 0x0000000707400000|  0%| F|  |TAMS 0x0000000707200000, 0x0000000707200000| Untracked 
|  49|0x0000000707400000, 0x0000000707400000, 0x0000000707600000|  0%| F|  |TAMS 0x0000000707400000, 0x0000000707400000| Untracked 
|  50|0x0000000707600000, 0x0000000707600000, 0x0000000707800000|  0%| F|  |TAMS 0x0000000707600000, 0x0000000707600000| Untracked 
|  51|0x0000000707800000, 0x0000000707800000, 0x0000000707a00000|  0%| F|  |TAMS 0x0000000707800000, 0x0000000707800000| Untracked 
|  52|0x0000000707a00000, 0x0000000707a00000, 0x0000000707c00000|  0%| F|  |TAMS 0x0000000707a00000, 0x0000000707a00000| Untracked 
|  53|0x0000000707c00000, 0x0000000707c00000, 0x0000000707e00000|  0%| F|  |TAMS 0x0000000707c00000, 0x0000000707c00000| Untracked 
|  54|0x0000000707e00000, 0x0000000707e00000, 0x0000000708000000|  0%| F|  |TAMS 0x0000000707e00000, 0x0000000707e00000| Untracked 
|  55|0x0000000708000000, 0x0000000708000000, 0x0000000708200000|  0%| F|  |TAMS 0x0000000708000000, 0x0000000708000000| Untracked 
|  56|0x0000000708200000, 0x0000000708200000, 0x0000000708400000|  0%| F|  |TAMS 0x0000000708200000, 0x0000000708200000| Untracked 
|  57|0x0000000708400000, 0x0000000708400000, 0x0000000708600000|  0%| F|  |TAMS 0x0000000708400000, 0x0000000708400000| Untracked 
|  58|0x0000000708600000, 0x0000000708600000, 0x0000000708800000|  0%| F|  |TAMS 0x0000000708600000, 0x0000000708600000| Untracked 
|  59|0x0000000708800000, 0x0000000708800000, 0x0000000708a00000|  0%| F|  |TAMS 0x0000000708800000, 0x0000000708800000| Untracked 
|  60|0x0000000708a00000, 0x0000000708a00000, 0x0000000708c00000|  0%| F|  |TAMS 0x0000000708a00000, 0x0000000708a00000| Untracked 
|  61|0x0000000708c00000, 0x0000000708c00000, 0x0000000708e00000|  0%| F|  |TAMS 0x0000000708c00000, 0x0000000708c00000| Untracked 
|  62|0x0000000708e00000, 0x0000000708e00000, 0x0000000709000000|  0%| F|  |TAMS 0x0000000708e00000, 0x0000000708e00000| Untracked 
|  63|0x0000000709000000, 0x0000000709000000, 0x0000000709200000|  0%| F|  |TAMS 0x0000000709000000, 0x0000000709000000| Untracked 
|  64|0x0000000709200000, 0x0000000709200000, 0x0000000709400000|  0%| F|  |TAMS 0x0000000709200000, 0x0000000709200000| Untracked 
|  65|0x0000000709400000, 0x0000000709400000, 0x0000000709600000|  0%| F|  |TAMS 0x0000000709400000, 0x0000000709400000| Untracked 
|  66|0x0000000709600000, 0x0000000709600000, 0x0000000709800000|  0%| F|  |TAMS 0x0000000709600000, 0x0000000709600000| Untracked 
|  67|0x0000000709800000, 0x0000000709800000, 0x0000000709a00000|  0%| F|  |TAMS 0x0000000709800000, 0x0000000709800000| Untracked 
|  68|0x0000000709a00000, 0x0000000709a00000, 0x0000000709c00000|  0%| F|  |TAMS 0x0000000709a00000, 0x0000000709a00000| Untracked 
|  69|0x0000000709c00000, 0x0000000709c00000, 0x0000000709e00000|  0%| F|  |TAMS 0x0000000709c00000, 0x0000000709c00000| Untracked 
|  70|0x0000000709e00000, 0x0000000709e00000, 0x000000070a000000|  0%| F|  |TAMS 0x0000000709e00000, 0x0000000709e00000| Untracked 
|  71|0x000000070a000000, 0x000000070a000000, 0x000000070a200000|  0%| F|  |TAMS 0x000000070a000000, 0x000000070a000000| Untracked 
|  72|0x000000070a200000, 0x000000070a200000, 0x000000070a400000|  0%| F|  |TAMS 0x000000070a200000, 0x000000070a200000| Untracked 
|  73|0x000000070a400000, 0x000000070a400000, 0x000000070a600000|  0%| F|  |TAMS 0x000000070a400000, 0x000000070a400000| Untracked 
|  74|0x000000070a600000, 0x000000070a600000, 0x000000070a800000|  0%| F|  |TAMS 0x000000070a600000, 0x000000070a600000| Untracked 
|  75|0x000000070a800000, 0x000000070a800000, 0x000000070aa00000|  0%| F|  |TAMS 0x000000070a800000, 0x000000070a800000| Untracked 
|  76|0x000000070aa00000, 0x000000070aa00000, 0x000000070ac00000|  0%| F|  |TAMS 0x000000070aa00000, 0x000000070aa00000| Untracked 
|  77|0x000000070ac00000, 0x000000070ac00000, 0x000000070ae00000|  0%| F|  |TAMS 0x000000070ac00000, 0x000000070ac00000| Untracked 
|  78|0x000000070ae00000, 0x000000070ae00000, 0x000000070b000000|  0%| F|  |TAMS 0x000000070ae00000, 0x000000070ae00000| Untracked 
|  79|0x000000070b000000, 0x000000070b000000, 0x000000070b200000|  0%| F|  |TAMS 0x000000070b000000, 0x000000070b000000| Untracked 
|  80|0x000000070b200000, 0x000000070b200000, 0x000000070b400000|  0%| F|  |TAMS 0x000000070b200000, 0x000000070b200000| Untracked 
|  81|0x000000070b400000, 0x000000070b400000, 0x000000070b600000|  0%| F|  |TAMS 0x000000070b400000, 0x000000070b400000| Untracked 
|  82|0x000000070b600000, 0x000000070b600000, 0x000000070b800000|  0%| F|  |TAMS 0x000000070b600000, 0x000000070b600000| Untracked 
|  83|0x000000070b800000, 0x000000070b800000, 0x000000070ba00000|  0%| F|  |TAMS 0x000000070b800000, 0x000000070b800000| Untracked 
|  84|0x000000070ba00000, 0x000000070ba00000, 0x000000070bc00000|  0%| F|  |TAMS 0x000000070ba00000, 0x000000070ba00000| Untracked 
|  85|0x000000070bc00000, 0x000000070bc00000, 0x000000070be00000|  0%| F|  |TAMS 0x000000070bc00000, 0x000000070bc00000| Untracked 
|  86|0x000000070be00000, 0x000000070be00000, 0x000000070c000000|  0%| F|  |TAMS 0x000000070be00000, 0x000000070be00000| Untracked 
|  87|0x000000070c000000, 0x000000070c000000, 0x000000070c200000|  0%| F|  |TAMS 0x000000070c000000, 0x000000070c000000| Untracked 
|  88|0x000000070c200000, 0x000000070c200000, 0x000000070c400000|  0%| F|  |TAMS 0x000000070c200000, 0x000000070c200000| Untracked 
|  89|0x000000070c400000, 0x000000070c400000, 0x000000070c600000|  0%| F|  |TAMS 0x000000070c400000, 0x000000070c400000| Untracked 
|  90|0x000000070c600000, 0x000000070c600000, 0x000000070c800000|  0%| F|  |TAMS 0x000000070c600000, 0x000000070c600000| Untracked 
|  91|0x000000070c800000, 0x000000070c800000, 0x000000070ca00000|  0%| F|  |TAMS 0x000000070c800000, 0x000000070c800000| Untracked 
|  92|0x000000070ca00000, 0x000000070ca00000, 0x000000070cc00000|  0%| F|  |TAMS 0x000000070ca00000, 0x000000070ca00000| Untracked 
|  93|0x000000070cc00000, 0x000000070cc00000, 0x000000070ce00000|  0%| F|  |TAMS 0x000000070cc00000, 0x000000070cc00000| Untracked 
|  94|0x000000070ce00000, 0x000000070ce00000, 0x000000070d000000|  0%| F|  |TAMS 0x000000070ce00000, 0x000000070ce00000| Untracked 
|  95|0x000000070d000000, 0x000000070d000000, 0x000000070d200000|  0%| F|  |TAMS 0x000000070d000000, 0x000000070d000000| Untracked 
|  96|0x000000070d200000, 0x000000070d200000, 0x000000070d400000|  0%| F|  |TAMS 0x000000070d200000, 0x000000070d200000| Untracked 
|  97|0x000000070d400000, 0x000000070d400000, 0x000000070d600000|  0%| F|  |TAMS 0x000000070d400000, 0x000000070d400000| Untracked 
|  98|0x000000070d600000, 0x000000070d600000, 0x000000070d800000|  0%| F|  |TAMS 0x000000070d600000, 0x000000070d600000| Untracked 
|  99|0x000000070d800000, 0x000000070d800000, 0x000000070da00000|  0%| F|  |TAMS 0x000000070d800000, 0x000000070d800000| Untracked 
| 100|0x000000070da00000, 0x000000070da00000, 0x000000070dc00000|  0%| F|  |TAMS 0x000000070da00000, 0x000000070da00000| Untracked 
| 101|0x000000070dc00000, 0x000000070dc00000, 0x000000070de00000|  0%| F|  |TAMS 0x000000070dc00000, 0x000000070dc00000| Untracked 
| 102|0x000000070de00000, 0x000000070de00000, 0x000000070e000000|  0%| F|  |TAMS 0x000000070de00000, 0x000000070de00000| Untracked 
| 103|0x000000070e000000, 0x000000070e000000, 0x000000070e200000|  0%| F|  |TAMS 0x000000070e000000, 0x000000070e000000| Untracked 
| 104|0x000000070e200000, 0x000000070e200000, 0x000000070e400000|  0%| F|  |TAMS 0x000000070e200000, 0x000000070e200000| Untracked 
| 105|0x000000070e400000, 0x000000070e400000, 0x000000070e600000|  0%| F|  |TAMS 0x000000070e400000, 0x000000070e400000| Untracked 
| 106|0x000000070e600000, 0x000000070e600000, 0x000000070e800000|  0%| F|  |TAMS 0x000000070e600000, 0x000000070e600000| Untracked 
| 107|0x000000070e800000, 0x000000070e800000, 0x000000070ea00000|  0%| F|  |TAMS 0x000000070e800000, 0x000000070e800000| Untracked 
| 108|0x000000070ea00000, 0x000000070ea00000, 0x000000070ec00000|  0%| F|  |TAMS 0x000000070ea00000, 0x000000070ea00000| Untracked 
| 109|0x000000070ec00000, 0x000000070ec00000, 0x000000070ee00000|  0%| F|  |TAMS 0x000000070ec00000, 0x000000070ec00000| Untracked 
| 110|0x000000070ee00000, 0x000000070ee00000, 0x000000070f000000|  0%| F|  |TAMS 0x000000070ee00000, 0x000000070ee00000| Untracked 
| 111|0x000000070f000000, 0x000000070f000000, 0x000000070f200000|  0%| F|  |TAMS 0x000000070f000000, 0x000000070f000000| Untracked 
| 112|0x000000070f200000, 0x000000070f200000, 0x000000070f400000|  0%| F|  |TAMS 0x000000070f200000, 0x000000070f200000| Untracked 
| 113|0x000000070f400000, 0x000000070f400000, 0x000000070f600000|  0%| F|  |TAMS 0x000000070f400000, 0x000000070f400000| Untracked 
| 114|0x000000070f600000, 0x000000070f600000, 0x000000070f800000|  0%| F|  |TAMS 0x000000070f600000, 0x000000070f600000| Untracked 
| 115|0x000000070f800000, 0x000000070f8f33f8, 0x000000070fa00000| 47%| S|CS|TAMS 0x000000070f800000, 0x000000070f800000| Complete 
| 116|0x000000070fa00000, 0x000000070fc00000, 0x000000070fc00000|100%| S|CS|TAMS 0x000000070fa00000, 0x000000070fa00000| Complete 
| 117|0x000000070fc00000, 0x000000070fc00000, 0x000000070fe00000|  0%| F|  |TAMS 0x000000070fc00000, 0x000000070fc00000| Untracked 
| 118|0x000000070fe00000, 0x000000070fe00000, 0x0000000710000000|  0%| F|  |TAMS 0x000000070fe00000, 0x000000070fe00000| Untracked 
| 119|0x0000000710000000, 0x0000000710000000, 0x0000000710200000|  0%| F|  |TAMS 0x0000000710000000, 0x0000000710000000| Untracked 
| 120|0x0000000710200000, 0x0000000710200000, 0x0000000710400000|  0%| F|  |TAMS 0x0000000710200000, 0x0000000710200000| Untracked 
| 121|0x0000000710400000, 0x0000000710400000, 0x0000000710600000|  0%| F|  |TAMS 0x0000000710400000, 0x0000000710400000| Untracked 
| 122|0x0000000710600000, 0x0000000710600000, 0x0000000710800000|  0%| F|  |TAMS 0x0000000710600000, 0x0000000710600000| Untracked 
| 123|0x0000000710800000, 0x0000000710800000, 0x0000000710a00000|  0%| F|  |TAMS 0x0000000710800000, 0x0000000710800000| Untracked 
| 124|0x0000000710a00000, 0x0000000710a00000, 0x0000000710c00000|  0%| F|  |TAMS 0x0000000710a00000, 0x0000000710a00000| Untracked 
| 125|0x0000000710c00000, 0x0000000710c00000, 0x0000000710e00000|  0%| F|  |TAMS 0x0000000710c00000, 0x0000000710c00000| Untracked 
| 126|0x0000000710e00000, 0x0000000710e00000, 0x0000000711000000|  0%| F|  |TAMS 0x0000000710e00000, 0x0000000710e00000| Untracked 
| 127|0x0000000711000000, 0x0000000711149038, 0x0000000711200000| 64%| E|  |TAMS 0x0000000711000000, 0x0000000711000000| Complete 

Card table byte_map: [0x0000019b158b0000,0x0000019b160b0000] _byte_map_base: 0x0000019b120a7000

Marking Bits (Prev, Next): (CMBitMap*) 0x0000019b02195c70, (CMBitMap*) 0x0000019b02195cb0
 Prev Bits: [0x0000019b168b0000, 0x0000019b1a868000)
 Next Bits: [0x0000019b1a870000, 0x0000019b1e828000)

Polling page: 0x0000019b000a0000

Metaspace:

Usage:
  Non-class:     10.75 MB capacity,    10.65 MB (>99%) used,    79.95 KB ( <1%) free+waste,    13.88 KB ( <1%) overhead. 
      Class:      1.22 MB capacity,     1.14 MB ( 93%) used,    76.30 KB (  6%) free+waste,     5.12 KB ( <1%) overhead. 
       Both:     11.96 MB capacity,    11.79 MB ( 99%) used,   156.25 KB (  1%) free+waste,    19.00 KB ( <1%) overhead. 

Virtual space:
  Non-class space:       12.00 MB reserved,      10.75 MB ( 90%) committed 
      Class space:        1.00 GB reserved,       1.25 MB ( <1%) committed 
             Both:        1.01 GB reserved,      12.00 MB (  1%) committed 

Chunk freelists:
   Non-Class:  4.00 KB
       Class:  3.00 KB
        Both:  7.00 KB

MaxMetaspaceSize: 17179869184.00 GB
CompressedClassSpaceSize: 1.00 GB

CodeHeap 'non-profiled nmethods': size=120000Kb used=240Kb max_used=240Kb free=119759Kb
 bounds [0x0000019b0d630000, 0x0000019b0d8a0000, 0x0000019b14b60000]
CodeHeap 'profiled nmethods': size=120000Kb used=939Kb max_used=939Kb free=119060Kb
 bounds [0x0000019b06100000, 0x0000019b06370000, 0x0000019b0d630000]
CodeHeap 'non-nmethods': size=5760Kb used=1234Kb max_used=1262Kb free=4525Kb
 bounds [0x0000019b05b60000, 0x0000019b05dd0000, 0x0000019b06100000]
 total_blobs=1192 nmethods=681 adapters=424
 compilation: enabled
              stopped_count=0, restarted_count=0
 full_count=0

Compilation events (20 events):
Event: 0.548 Thread 0x0000019b29376af0 nmethod 665 0x0000019b0d666710 code [0x0000019b0d666880, 0x0000019b0d666978]
Event: 0.552 Thread 0x0000019b29377000 nmethod 664 0x0000019b0d666a10 code [0x0000019b0d666c20, 0x0000019b0d667520]
Event: 0.554 Thread 0x0000019b21d8d950 nmethod 663 0x0000019b0d667d90 code [0x0000019b0d667fe0, 0x0000019b0d668c50]
Event: 0.557 Thread 0x0000019b21d7bfe0  666       3       sun.awt.AWTAutoShutdown::notifyToolkitThreadBusy (8 bytes)
Event: 0.557 Thread 0x0000019b21d7bfe0 nmethod 666 0x0000019b061e2310 code [0x0000019b061e24c0, 0x0000019b061e2628]
Event: 0.557 Thread 0x0000019b21d7bfe0  667       3       sun.awt.AWTAutoShutdown::notifyToolkitThreadFree (8 bytes)
Event: 0.557 Thread 0x0000019b21d7bfe0 nmethod 667 0x0000019b061e2710 code [0x0000019b061e28c0, 0x0000019b061e2a28]
Event: 0.570 Thread 0x0000019b21d7bfe0  668       3       sun.java2d.pipe.RenderBuffer::position (11 bytes)
Event: 0.570 Thread 0x0000019b21d7bfe0 nmethod 668 0x0000019b061e2b10 code [0x0000019b061e2ca0, 0x0000019b061e2db8]
Event: 0.570 Thread 0x0000019b21d7bfe0  669       3       sun.java2d.pipe.BufferedContext::validate (575 bytes)
Event: 0.572 Thread 0x0000019b21d7bfe0 nmethod 669 0x0000019b061e2e90 code [0x0000019b061e3400, 0x0000019b061e6fb8]
Event: 0.572 Thread 0x0000019b21d7bfe0  671       3       sun.java2d.SunGraphics2D::setColor (108 bytes)
Event: 0.572 Thread 0x0000019b21d7bfe0 nmethod 671 0x0000019b061e8110 code [0x0000019b061e82e0, 0x0000019b061e8758]
Event: 0.572 Thread 0x0000019b21d7bfe0  670       3       sun.java2d.SunGraphics2D::validateColor (102 bytes)
Event: 0.572 Thread 0x0000019b21d7bfe0 nmethod 670 0x0000019b061e8810 code [0x0000019b061e89e0, 0x0000019b061e8f18]
Event: 0.572 Thread 0x0000019b29377000  672       4       sun.java2d.SunGraphics2D::setColor (108 bytes)
Event: 0.572 Thread 0x0000019b29376af0  673       4       sun.java2d.SunGraphics2D::validateColor (102 bytes)
Event: 0.572 Thread 0x0000019b21d8d950  674       4       sun.java2d.pipe.BufferedContext::validate (575 bytes)
Event: 0.573 Thread 0x0000019b29376af0 nmethod 673 0x0000019b0d669810 code [0x0000019b0d6699c0, 0x0000019b0d669b78]
Event: 0.574 Thread 0x0000019b29377000 nmethod 672 0x0000019b0d669e10 code [0x0000019b0d669fc0, 0x0000019b0d66a398]

GC Heap History (0 events):
No events

Deoptimization events (20 events):
Event: 0.570 Thread 0x0000019b22a0c190 Uncommon trap: trap_request=0xffffffde fr.pc=0x0000019b0d668538 relative=0x0000000000000558
Event: 0.570 Thread 0x0000019b22a0c190 Uncommon trap: reason=class_check action=maybe_recompile pc=0x0000019b0d668538 method=sun.java2d.SunGraphics2D.fillRect(IIII)V @ 10 c2
Event: 0.570 Thread 0x0000019b22a0c190 DEOPT PACKING pc=0x0000019b0d668538 sp=0x00000094e7dfe5e0
Event: 0.570 Thread 0x0000019b22a0c190 DEOPT UNPACKING pc=0x0000019b05bae42f sp=0x00000094e7dfe5b0 mode 2
Event: 0.570 Thread 0x0000019b22a0c190 Uncommon trap: trap_request=0xffffffde fr.pc=0x0000019b0d6670d4 relative=0x00000000000004b4
Event: 0.570 Thread 0x0000019b22a0c190 Uncommon trap: reason=class_check action=maybe_recompile pc=0x0000019b0d6670d4 method=sun.java2d.d3d.D3DRenderer.validateContext(Lsun/java2d/SunGraphics2D;)V @ 4 c2
Event: 0.570 Thread 0x0000019b22a0c190 DEOPT PACKING pc=0x0000019b0d6670d4 sp=0x00000094e7dfe4d0
Event: 0.570 Thread 0x0000019b22a0c190 DEOPT UNPACKING pc=0x0000019b05bae42f sp=0x00000094e7dfe438 mode 2
Event: 0.570 Thread 0x0000019b22a0c190 Uncommon trap: trap_request=0xffffffde fr.pc=0x0000019b0d663e00 relative=0x0000000000000c60
Event: 0.570 Thread 0x0000019b22a0c190 Uncommon trap: reason=class_check action=maybe_recompile pc=0x0000019b0d663e00 method=sun.java2d.pipe.BufferedContext.validate(Lsun/java2d/pipe/hw/AccelSurface;Lsun/java2d/pipe/hw/AccelSurface;Lsun/java2d/pipe/Region;Ljava/awt/Composite;Ljava/awt/geom/Aff
Event: 0.570 Thread 0x0000019b22a0c190 DEOPT PACKING pc=0x0000019b0d663e00 sp=0x00000094e7dfe310
Event: 0.570 Thread 0x0000019b22a0c190 DEOPT UNPACKING pc=0x0000019b05bae42f sp=0x00000094e7dfe298 mode 2
Event: 0.570 Thread 0x0000019b22a0c190 Uncommon trap: trap_request=0xffffffde fr.pc=0x0000019b0d668538 relative=0x0000000000000558
Event: 0.570 Thread 0x0000019b22a0c190 Uncommon trap: reason=class_check action=maybe_recompile pc=0x0000019b0d668538 method=sun.java2d.SunGraphics2D.fillRect(IIII)V @ 10 c2
Event: 0.570 Thread 0x0000019b22a0c190 DEOPT PACKING pc=0x0000019b0d668538 sp=0x00000094e7dfe5a0
Event: 0.570 Thread 0x0000019b22a0c190 DEOPT UNPACKING pc=0x0000019b05bae42f sp=0x00000094e7dfe548 mode 2
Event: 0.570 Thread 0x0000019b22a0c190 Uncommon trap: trap_request=0xffffff45 fr.pc=0x0000019b0d663a5c relative=0x00000000000008bc
Event: 0.570 Thread 0x0000019b22a0c190 Uncommon trap: reason=unstable_if action=reinterpret pc=0x0000019b0d663a5c method=sun.java2d.pipe.BufferedContext.validate(Lsun/java2d/pipe/hw/AccelSurface;Lsun/java2d/pipe/hw/AccelSurface;Lsun/java2d/pipe/Region;Ljava/awt/Composite;Ljava/awt/geom/AffineT
Event: 0.570 Thread 0x0000019b22a0c190 DEOPT PACKING pc=0x0000019b0d663a5c sp=0x00000094e7dfe3d0
Event: 0.570 Thread 0x0000019b22a0c190 DEOPT UNPACKING pc=0x0000019b05bae42f sp=0x00000094e7dfe350 mode 2

Classes unloaded (0 events):
No events

Classes redefined (0 events):
No events

Internal exceptions (12 events):
Event: 0.077 Thread 0x0000019b021430d0 Exception <a 'java/lang/NoSuchMethodError'{0x0000000710d49218}: 'void java.lang.invoke.DirectMethodHandle$Holder.invokeSpecial(java.lang.Object, java.lang.Object, java.lang.Object)'> (0x0000000710d49218) 
thrown [./open/src/hotspot/share/interpreter/linkResolver.cpp, line 782]
Event: 0.091 Thread 0x0000019b021430d0 Exception <a 'java/lang/ClassNotFoundException'{0x0000000710d69728}: sun/awt/resources/spi/awtProvider> (0x0000000710d69728) 
thrown [./open/src/hotspot/share/classfile/systemDictionary.cpp, line 295]
Event: 0.106 Thread 0x0000019b021430d0 Exception <a 'java/io/FileNotFoundException'{0x0000000710dc5b10}> (0x0000000710dc5b10) 
thrown [./open/src/hotspot/share/prims/jni.cpp, line 578]
Event: 0.109 Thread 0x0000019b021430d0 Exception <a 'java/io/FileNotFoundException'{0x0000000710df4470}> (0x0000000710df4470) 
thrown [./open/src/hotspot/share/prims/jni.cpp, line 578]
Event: 0.110 Thread 0x0000019b021430d0 Exception <a 'java/lang/NoSuchMethodError'{0x0000000710df5810}: 'java.lang.Object java.lang.invoke.DirectMethodHandle$Holder.invokeStatic(java.lang.Object)'> (0x0000000710df5810) 
thrown [./open/src/hotspot/share/interpreter/linkResolver.cpp, line 782]
Event: 0.133 Thread 0x0000019b021430d0 Exception <a 'java/lang/NoSuchMethodError'{0x0000000710a40068}: 'java.lang.Object java.lang.invoke.DirectMethodHandle$Holder.invokeStaticInit(java.lang.Object)'> (0x0000000710a40068) 
thrown [./open/src/hotspot/share/interpreter/linkResolver.cpp, line 782]
Event: 0.290 Thread 0x0000019b021430d0 Exception <a 'java/lang/NoSuchMethodError'{0x0000000710b24198}: 'java.lang.Object java.lang.invoke.DirectMethodHandle$Holder.newInvokeSpecial(java.lang.Object, java.lang.Object, java.lang.Object, java.lang.Object, java.lang.Object)'> (0x0000000710b24198) 
thrown [./open/src/hotspot/share/interpreter/linkResolver.cpp, line 782]
Event: 0.291 Thread 0x0000019b021430d0 Exception <a 'java/lang/NoSuchMethodError'{0x0000000710b2fc28}: 'java.lang.Object java.lang.invoke.DirectMethodHandle$Holder.invokeStatic(java.lang.Object, int, java.lang.Object, java.lang.Object, java.lang.Object, java.lang.Object)'> (0x0000000710b2fc28) 
thrown [./open/src/hotspot/share/interpreter/linkResolver.cpp, line 782]
Event: 0.293 Thread 0x0000019b021430d0 Exception <a 'java/lang/NoSuchMethodError'{0x0000000710b56140}: 'java.lang.Object java.lang.invoke.DirectMethodHandle$Holder.invokeStatic(java.lang.Object, int, java.lang.Object)'> (0x0000000710b56140) 
thrown [./open/src/hotspot/share/interpreter/linkResolver.cpp, line 782]
Event: 0.304 Thread 0x0000019b021430d0 Exception <a 'java/lang/ClassNotFoundException'{0x000000071080e770}: com/sun/swing/internal/plaf/metal/resources/spi/metalProvider> (0x000000071080e770) 
thrown [./open/src/hotspot/share/classfile/systemDictionary.cpp, line 295]
Event: 0.304 Thread 0x0000019b021430d0 Exception <a 'java/lang/ClassNotFoundException'{0x00000007108129d0}: com/sun/swing/internal/plaf/basic/resources/spi/basicProvider> (0x00000007108129d0) 
thrown [./open/src/hotspot/share/classfile/systemDictionary.cpp, line 295]
Event: 0.326 Thread 0x0000019b021430d0 Exception <a 'java/lang/NoSuchMethodError'{0x00000007108610e0}: 'void java.lang.invoke.DirectMethodHandle$Holder.invokeStaticInit(java.lang.Object)'> (0x00000007108610e0) 
thrown [./open/src/hotspot/share/interpreter/linkResolver.cpp, line 782]

Events (20 events):
Event: 0.384 loading class sun/util/locale/StringTokenIterator
Event: 0.384 loading class sun/util/locale/StringTokenIterator done
Event: 0.384 loading class sun/util/locale/InternalLocaleBuilder
Event: 0.384 loading class sun/util/locale/InternalLocaleBuilder done
Event: 0.384 loading class sun/util/locale/InternalLocaleBuilder$CaseInsensitiveChar
Event: 0.384 loading class sun/util/locale/InternalLocaleBuilder$CaseInsensitiveChar done
Event: 0.387 loading class sun/awt/im/CompositionAreaHandler
Event: 0.388 loading class java/awt/event/InputMethodListener
Event: 0.388 loading class java/awt/event/InputMethodListener done
Event: 0.388 loading class sun/awt/im/CompositionAreaHandler done
Event: 0.388 loading class java/text/AttributedString
Event: 0.388 loading class java/text/AttributedString done
Event: 0.388 loading class java/text/AttributedString$AttributedStringIterator
Event: 0.388 loading class java/text/AttributedCharacterIterator
Event: 0.388 loading class java/text/CharacterIterator
Event: 0.388 loading class java/text/CharacterIterator done
Event: 0.388 loading class java/text/AttributedCharacterIterator done
Event: 0.388 loading class java/text/AttributedString$AttributedStringIterator done
Event: 0.399 Thread 0x0000019b29376af0 Thread added: 0x0000019b29376af0
Event: 0.399 Thread 0x0000019b29377000 Thread added: 0x0000019b29377000


Dynamic libraries:
0x00007ff746830000 - 0x00007ff74683d000 	C:\Users\Diego Castellano\.p2\pool\plugins\org.eclipse.justj.openjdk.hotspot.jre.full.win32.x86_64_15.0.1.v20201027-0507\jre\bin\javaw.exe
0x00007ffffe580000 - 0x00007ffffe787000 	C:\WINDOWS\SYSTEM32\ntdll.dll
0x00007ffffd300000 - 0x00007ffffd3bd000 	C:\WINDOWS\System32\KERNEL32.DLL
0x00007ffffbd10000 - 0x00007ffffc084000 	C:\WINDOWS\System32\KERNELBASE.dll
0x00007ffffc110000 - 0x00007ffffc221000 	C:\WINDOWS\System32\ucrtbase.dll
0x00007ffff0500000 - 0x00007ffff0518000 	C:\Users\Diego Castellano\.p2\pool\plugins\org.eclipse.justj.openjdk.hotspot.jre.full.win32.x86_64_15.0.1.v20201027-0507\jre\bin\jli.dll
0x00007ffff04e0000 - 0x00007ffff04f9000 	C:\Users\Diego Castellano\.p2\pool\plugins\org.eclipse.justj.openjdk.hotspot.jre.full.win32.x86_64_15.0.1.v20201027-0507\jre\bin\VCRUNTIME140.dll
0x00007ffffe1d0000 - 0x00007ffffe37c000 	C:\WINDOWS\System32\USER32.dll
0x00007fffeb880000 - 0x00007fffebb25000 	C:\WINDOWS\WinSxS\amd64_microsoft.windows.common-controls_6595b64144ccf1df_6.0.22000.120_none_9d947278b86cc467\COMCTL32.dll
0x00007ffffbce0000 - 0x00007ffffbd06000 	C:\WINDOWS\System32\win32u.dll
0x00007ffffc5c0000 - 0x00007ffffc663000 	C:\WINDOWS\System32\msvcrt.dll
0x00007ffffcf50000 - 0x00007ffffcf79000 	C:\WINDOWS\System32\GDI32.dll
0x00007ffffc2f0000 - 0x00007ffffc402000 	C:\WINDOWS\System32\gdi32full.dll
0x00007ffffba60000 - 0x00007ffffbafd000 	C:\WINDOWS\System32\msvcp_win.dll
0x00007ffffc680000 - 0x00007ffffc6b1000 	C:\WINDOWS\System32\IMM32.DLL
0x00007ffff79b0000 - 0x00007ffff79bc000 	C:\Users\Diego Castellano\.p2\pool\plugins\org.eclipse.justj.openjdk.hotspot.jre.full.win32.x86_64_15.0.1.v20201027-0507\jre\bin\vcruntime140_1.dll
0x00007fffc1260000 - 0x00007fffc12f1000 	C:\Users\Diego Castellano\.p2\pool\plugins\org.eclipse.justj.openjdk.hotspot.jre.full.win32.x86_64_15.0.1.v20201027-0507\jre\bin\msvcp140.dll
0x00007fff77a80000 - 0x00007fff785de000 	C:\Users\Diego Castellano\.p2\pool\plugins\org.eclipse.justj.openjdk.hotspot.jre.full.win32.x86_64_15.0.1.v20201027-0507\jre\bin\server\jvm.dll
0x00007ffffcd80000 - 0x00007ffffce2c000 	C:\WINDOWS\System32\ADVAPI32.dll
0x00007ffffc410000 - 0x00007ffffc4ad000 	C:\WINDOWS\System32\sechost.dll
0x00007ffffd3e0000 - 0x00007ffffd501000 	C:\WINDOWS\System32\RPCRT4.dll
0x00007ffffcd70000 - 0x00007ffffcd78000 	C:\WINDOWS\System32\PSAPI.DLL
0x00007fffd9600000 - 0x00007fffd9609000 	C:\WINDOWS\SYSTEM32\WSOCK32.dll
0x00007ffff3f50000 - 0x00007ffff3f83000 	C:\WINDOWS\SYSTEM32\WINMM.dll
0x00007ffff4c60000 - 0x00007ffff4c6a000 	C:\WINDOWS\SYSTEM32\VERSION.dll
0x00007ffffd5f0000 - 0x00007ffffd65f000 	C:\WINDOWS\System32\WS2_32.dll
0x00007ffffac80000 - 0x00007ffffac98000 	C:\WINDOWS\SYSTEM32\kernel.appcore.dll
0x00007ffff2a60000 - 0x00007ffff2a6a000 	C:\Users\Diego Castellano\.p2\pool\plugins\org.eclipse.justj.openjdk.hotspot.jre.full.win32.x86_64_15.0.1.v20201027-0507\jre\bin\jimage.dll
0x00007ffff9620000 - 0x00007ffff9841000 	C:\WINDOWS\SYSTEM32\DBGHELP.DLL
0x00007fffd6500000 - 0x00007fffd6531000 	C:\WINDOWS\SYSTEM32\dbgcore.DLL
0x00007ffffc090000 - 0x00007ffffc110000 	C:\WINDOWS\System32\bcryptPrimitives.dll
0x00007ffff0520000 - 0x00007ffff0545000 	C:\Users\Diego Castellano\.p2\pool\plugins\org.eclipse.justj.openjdk.hotspot.jre.full.win32.x86_64_15.0.1.v20201027-0507\jre\bin\java.dll
0x00007ffff18c0000 - 0x00007ffff18d8000 	C:\Users\Diego Castellano\.p2\pool\plugins\org.eclipse.justj.openjdk.hotspot.jre.full.win32.x86_64_15.0.1.v20201027-0507\jre\bin\zip.dll
0x00007ffffd8d0000 - 0x00007ffffe079000 	C:\WINDOWS\System32\SHELL32.dll
0x00007ffff9b20000 - 0x00007ffffa382000 	C:\WINDOWS\SYSTEM32\windows.storage.dll
0x00007ffffcf80000 - 0x00007ffffd2f8000 	C:\WINDOWS\System32\combase.dll
0x00007ffff99b0000 - 0x00007ffff9b16000 	C:\WINDOWS\SYSTEM32\wintypes.dll
0x00007ffffe0e0000 - 0x00007ffffe1ca000 	C:\WINDOWS\System32\SHCORE.dll
0x00007ffffd6d0000 - 0x00007ffffd72d000 	C:\WINDOWS\System32\shlwapi.dll
0x00007ffffb990000 - 0x00007ffffb9b1000 	C:\WINDOWS\SYSTEM32\profapi.dll
0x00007fffa7a90000 - 0x00007fffa7c0f000 	C:\Users\Diego Castellano\.p2\pool\plugins\org.eclipse.justj.openjdk.hotspot.jre.full.win32.x86_64_15.0.1.v20201027-0507\jre\bin\awt.dll
0x00007ffffd510000 - 0x00007ffffd5e6000 	C:\WINDOWS\System32\OLEAUT32.dll
0x00007ffff8cf0000 - 0x00007ffff8d81000 	C:\WINDOWS\SYSTEM32\apphelp.dll
0x00007ffff9290000 - 0x00007ffff92bf000 	C:\WINDOWS\system32\DWMAPI.DLL
0x00007ffff8e30000 - 0x00007ffff8edc000 	C:\WINDOWS\system32\uxtheme.dll
0x00007fffb4b20000 - 0x00007fffb4c21000 	C:\WINDOWS\system32\opengl32.dll
0x00007ffff2030000 - 0x00007ffff205d000 	C:\WINDOWS\SYSTEM32\GLU32.dll
0x00007ffff90e0000 - 0x00007ffff9118000 	C:\WINDOWS\SYSTEM32\dxcore.dll
0x00007ffffce30000 - 0x00007ffffcf4e000 	C:\WINDOWS\System32\MSCTF.dll
0x00007ffffd730000 - 0x00007ffffd8ca000 	C:\WINDOWS\System32\ole32.dll
0x00007ffff13d0000 - 0x00007ffff1576000 	C:\WINDOWS\system32\d3d9.dll
0x00007ffff3840000 - 0x00007ffff3946000 	C:\WINDOWS\System32\DriverStore\FileRepository\nv_dispi.inf_amd64_5292bbfbf575e2d2\nvldumdx.dll
0x00007ffffb330000 - 0x00007ffffb342000 	C:\WINDOWS\SYSTEM32\msasn1.dll
0x00007ffff4bd0000 - 0x00007ffff4c01000 	C:\WINDOWS\SYSTEM32\cryptnet.dll
0x00007ffffbb70000 - 0x00007ffffbcd2000 	C:\WINDOWS\System32\CRYPT32.dll
0x00007ffff2bc0000 - 0x00007ffff2d09000 	C:\WINDOWS\SYSTEM32\drvstore.dll
0x00007ffffb730000 - 0x00007ffffb75c000 	C:\WINDOWS\SYSTEM32\devobj.dll
0x00007ffffb760000 - 0x00007ffffb7ac000 	C:\WINDOWS\SYSTEM32\cfgmgr32.dll
0x00007ffffb3a0000 - 0x00007ffffb3dd000 	C:\WINDOWS\SYSTEM32\wldp.dll
0x00007ffffb2f0000 - 0x00007ffffb2fc000 	C:\WINDOWS\SYSTEM32\cryptbase.dll
0x00007ffffbb00000 - 0x00007ffffbb66000 	C:\WINDOWS\System32\WINTRUST.DLL
0x00007ffffccf0000 - 0x00007ffffcd0f000 	C:\WINDOWS\System32\imagehlp.dll
0x00007ffffb2d0000 - 0x00007ffffb2e8000 	C:\WINDOWS\SYSTEM32\CRYPTSP.dll
0x00007ffffabe0000 - 0x00007ffffac15000 	C:\WINDOWS\system32\rsaenh.dll
0x00007ffffb450000 - 0x00007ffffb477000 	C:\WINDOWS\SYSTEM32\bcrypt.dll
0x00007fff68740000 - 0x00007fff69ed4000 	C:\WINDOWS\System32\DriverStore\FileRepository\nv_dispi.inf_amd64_5292bbfbf575e2d2\nvd3dumx.dll
0x00007ffff62e0000 - 0x00007ffff6324000 	C:\WINDOWS\SYSTEM32\directxdatabasehelper.dll
0x00007ffff9150000 - 0x00007ffff9184000 	C:\WINDOWS\SYSTEM32\ntmarta.dll
0x00007fffa5d60000 - 0x00007fffa6023000 	C:\WINDOWS\system32\nvspcap64.dll
0x00007ffffb120000 - 0x00007ffffb144000 	C:\WINDOWS\SYSTEM32\gpapi.dll
0x00007fffbbd00000 - 0x00007fffbbd85000 	C:\Users\Diego Castellano\.p2\pool\plugins\org.eclipse.justj.openjdk.hotspot.jre.full.win32.x86_64_15.0.1.v20201027-0507\jre\bin\freetype.dll
0x00007fffbab60000 - 0x00007fffbac09000 	C:\Users\Diego Castellano\.p2\pool\plugins\org.eclipse.justj.openjdk.hotspot.jre.full.win32.x86_64_15.0.1.v20201027-0507\jre\bin\fontmanager.dll
0x00007fffe89d0000 - 0x00007fffe8afd000 	C:\WINDOWS\SYSTEM32\textinputframework.dll
0x00007ffff2700000 - 0x00007ffff2769000 	C:\WINDOWS\system32\Oleacc.dll
0x00007fffc6350000 - 0x00007fffc678e000 	C:\Windows\System32\uiautomationcore.dll
0x00007ffffb180000 - 0x00007ffffb1a9000 	C:\Windows\System32\USERENV.dll
0x00007ffffe380000 - 0x00007ffffe42f000 	C:\WINDOWS\System32\clbcatq.dll
0x00007ffff8980000 - 0x00007ffff8ab2000 	C:\WINDOWS\SYSTEM32\CoreMessaging.dll
0x00007ffff5c60000 - 0x00007ffff5fcd000 	C:\WINDOWS\SYSTEM32\CoreUIComponents.dll

dbghelp: loaded successfully - version: 4.0.5 - missing functions: none
symbol engine: initialized successfully - sym options: 0x614 - pdb path: .;C:\Users\Diego Castellano\.p2\pool\plugins\org.eclipse.justj.openjdk.hotspot.jre.full.win32.x86_64_15.0.1.v20201027-0507\jre\bin;C:\WINDOWS\SYSTEM32;C:\WINDOWS\WinSxS\amd64_microsoft.windows.common-controls_6595b64144ccf1df_6.0.22000.120_none_9d947278b86cc467;C:\Users\Diego Castellano\.p2\pool\plugins\org.eclipse.justj.openjdk.hotspot.jre.full.win32.x86_64_15.0.1.v20201027-0507\jre\bin\server;C:\WINDOWS\System32\DriverStore\FileRepository\nv_dispi.inf_amd64_5292bbfbf575e2d2

VM Arguments:
jvm_args: -Dfile.encoding=UTF-8 -XX:+ShowCodeDetailsInExceptionMessages 
java_command: net.minemora.mandelbrotjava.MandelbrotJava
java_class_path (initial): C:\Users\Diego Castellano\eclipse-workspace\MandelbrotJava\bin
Launcher Type: SUN_STANDARD

[Global flags]
     intx CICompilerCount                          = 4                                         {product} {ergonomic}
     uint ConcGCThreads                            = 3                                         {product} {ergonomic}
     uint G1ConcRefinementThreads                  = 10                                        {product} {ergonomic}
   size_t G1HeapRegionSize                         = 2097152                                   {product} {ergonomic}
    uintx GCDrainStackTargetSize                   = 64                                        {product} {ergonomic}
   size_t InitialHeapSize                          = 268435456                                 {product} {ergonomic}
   size_t MarkStackSize                            = 4194304                                   {product} {ergonomic}
   size_t MaxHeapSize                              = 4276092928                                {product} {ergonomic}
   size_t MaxNewSize                               = 2564816896                                {product} {ergonomic}
   size_t MinHeapDeltaBytes                        = 2097152                                   {product} {ergonomic}
   size_t MinHeapSize                              = 8388608                                   {product} {ergonomic}
    uintx NonNMethodCodeHeapSize                   = 5839372                                {pd product} {ergonomic}
    uintx NonProfiledCodeHeapSize                  = 122909434                              {pd product} {ergonomic}
    uintx ProfiledCodeHeapSize                     = 122909434                              {pd product} {ergonomic}
    uintx ReservedCodeCacheSize                    = 251658240                              {pd product} {ergonomic}
     bool SegmentedCodeCache                       = true                                      {product} {ergonomic}
     bool ShowCodeDetailsInExceptionMessages       = true                                   {manageable} {command line}
   size_t SoftMaxHeapSize                          = 4276092928                             {manageable} {ergonomic}
     bool UseCompressedClassPointers               = true                                 {lp64_product} {ergonomic}
     bool UseCompressedOops                        = true                                 {lp64_product} {ergonomic}
     bool UseG1GC                                  = true                                      {product} {ergonomic}
     bool UseLargePagesIndividualAllocation        = false                                  {pd product} {ergonomic}

Logging:
Log output configuration:
 #0: stdout all=warning uptime,level,tags
 #1: stderr all=off uptime,level,tags

Environment Variables:
PATH=C:/Users/Diego Castellano/.p2/pool/plugins/org.eclipse.justj.openjdk.hotspot.jre.full.win32.x86_64_15.0.1.v20201027-0507/jre/bin/server;C:/Users/Diego Castellano/.p2/pool/plugins/org.eclipse.justj.openjdk.hotspot.jre.full.win32.x86_64_15.0.1.v20201027-0507/jre/bin;C:\Program Files\Oculus\Support\oculus-runtime;C:\Program Files (x86)\Common Files\Oracle\Java\javapath;C:\Windows\system32;C:\Windows;C:\Windows\System32\Wbem;C:\Windows\System32\WindowsPowerShell\v1.0\;C:\Windows\System32\OpenSSH\;C:\Program Files (x86)\NVIDIA Corporation\PhysX\Common;C:\Program Files\NVIDIA Corporation\NVIDIA NvDLISR;C:\Program Files\Prio;C:\Program Files\PuTTY\;C:\Program Files\Git\cmd;C:\Program Files\dotnet\;%SystemRoot%\system32;%SystemRoot%;%SystemRoot%\System32\Wbem;%SYSTEMROOT%\System32\WindowsPowerShell\v1.0\;%SYSTEMROOT%\System32\OpenSSH\;C:\Users\Diego Castellano\AppData\Local\Microsoft\WindowsApps;;C:\Users\Diego Castellano\AppData\Local\Programs\Microsoft VS Code\bin;C:\Users\Diego Castellano\.dotnet\tools;C:\Users\Diego Castellano\eclipse\java-2020-12\eclipse;
USERNAME=Diego Castellano
OS=Windows_NT
PROCESSOR_IDENTIFIER=AMD64 Family 25 Model 33 Stepping 0, AuthenticAMD



---------------  S Y S T E M  ---------------

OS:
 Windows 10 , 64 bit Build 22000 (10.0.22000.120)
OS uptime: 5 days 13:55 hours

CPU: total 12 (initial active 12) (12 cores per cpu, 2 threads per core) family 25 model 33 stepping 0 microcode 0x0, cmov, cx8, fxsr, mmx, sse, sse2, sse3, ssse3, sse4.1, sse4.2, popcnt, vzeroupper, avx, avx2, aes, clmul, erms, 3dnowpref, lzcnt, sse4a, ht, tsc, tscinvbit, tscinv, bmi1, bmi2, adx, sha, fma, clflush, clflushopt

Memory: 4k page, system-wide physical 16308M (4225M free)
TotalPageFile size 65460M (AvailPageFile size 2M)
current process WorkingSet (physical memory assigned to process): 125M, peak: 128M
current process commit charge ("private bytes"): 407M, peak: 410M

vm_info: OpenJDK 64-Bit Server VM (15.0.1+9-18) for windows-amd64 JRE (15.0.1+9-18), built on Sep 15 2020 14:39:31 by "mach5one" with unknown MS VC++:1925

END.
